<?xml version="1.0" encoding="UTF-8"?>
<testsuite name="pl.stqa.ptf.addressbook.tests.GroupCreationTest" tests="5" skipped="0" failures="0" errors="0" timestamp="2018-05-03T12:52:51" hostname="DESKTOP-DBVKAUC" time="11.165">
  <properties/>
  <testcase name="testGroupCreation[0](GroupData{id='2147483647', name='test 0'})" classname="pl.stqa.ptf.addressbook.tests.GroupCreationTest" time="6.299"/>
  <testcase name="testGroupCreation[1](GroupData{id='2147483647', name='test 1'})" classname="pl.stqa.ptf.addressbook.tests.GroupCreationTest" time="1.234"/>
  <testcase name="testGroupCreation[2](GroupData{id='2147483647', name='test 2'})" classname="pl.stqa.ptf.addressbook.tests.GroupCreationTest" time="1.234"/>
  <testcase name="testGroupCreation[3](GroupData{id='2147483647', name='test 3'})" classname="pl.stqa.ptf.addressbook.tests.GroupCreationTest" time="1.158"/>
  <testcase name="testGroupCreation[4](GroupData{id='2147483647', name='test 4'})" classname="pl.stqa.ptf.addressbook.tests.GroupCreationTest" time="1.239"/>
  <system-out><![CDATA[]]></system-out>
  <system-err><![CDATA[]]></system-err>
</testsuite>
