<?xml version="1.0" encoding="UTF-8"?>
<testsuite name="pl.stqa.ptf.addressbook.tests.GroupModificationTest" tests="1" skipped="0" failures="0" errors="0" timestamp="2018-05-03T12:53:02" hostname="DESKTOP-DBVKAUC" time="1.095">
  <properties/>
  <testcase name="testGroupModification" classname="pl.stqa.ptf.addressbook.tests.GroupModificationTest" time="1.095"/>
  <system-out><![CDATA[]]></system-out>
  <system-err><![CDATA[]]></system-err>
</testsuite>
