<?xml version="1.0" encoding="UTF-8"?>
<testsuite name="pl.stqa.ptf.addressbook.tests.GroupDeletionTest" tests="1" skipped="0" failures="0" errors="0" timestamp="2018-05-03T12:53:03" hostname="DESKTOP-DBVKAUC" time="0.47">
  <properties/>
  <testcase name="testGroupDeletion" classname="pl.stqa.ptf.addressbook.tests.GroupDeletionTest" time="0.47"/>
  <system-out><![CDATA[]]></system-out>
  <system-err><![CDATA[]]></system-err>
</testsuite>
