<?xml version="1.0" encoding="UTF-8"?>
<testsuite name="pl.stqa.ptf.addressbook.tests.ContactModificationTest" tests="1" skipped="0" failures="1" errors="0" timestamp="2018-05-03T20:20:35" hostname="DESKTOP-DBVKAUC" time="8.348">
  <properties/>
  <testcase name="testContactModification" classname="pl.stqa.ptf.addressbook.tests.ContactModificationTest" time="8.348">
    <failure message="java.lang.AssertionError: &#10;Expected: &lt;[ContactData{id=151, name='Mark', surname='Dark', tel='null', mail='null', mail2='null', mail3='null', allMails='tam@tlen.pl', group='null', homePhone='null', mobilePhone='null', workPhone='null', address='Rozana 18, Lublin', allPhones='111333444'}, ContactData{id=149, name='Mark', surname='Dark', tel='null', mail='null', mail2='null', mail3='null', allMails='tam@tlen.pl', group='null', homePhone='null', mobilePhone='null', workPhone='null', address='Rozana 18, Lublin', allPhones='111333444'}, ContactData{id=155, name='Mark', surname='Dark', tel='null', mail='null', mail2='null', mail3='null', allMails='tam@tlen.pl', group='null', homePhone='null', mobilePhone='null', workPhone='null', address='Rozana 18, Lublin', allPhones='111333444'}, ContactData{id=152, name='Jon', surname='Dick', tel='null', mail='null', mail2='null', mail3='null', allMails='cos@wp.pl', group='null', homePhone='null', mobilePhone='null', workPhone='null', address='Polna 14, Krakow', allPhones='444333222'}, ContactData{id=150, name='Jon', surname='Dick', tel='null', mail='null', mail2='null', mail3='null', allMails='cos@wp.pl', group='null', homePhone='null', mobilePhone='null', workPhone='null', address='Polna 14, Krakow', allPhones='444333222'}, ContactData{id=145, name='Mark', surname='Dark', tel='null', mail='null', mail2='null', mail3='null', allMails='tam@tlen.pl', group='null', homePhone='null', mobilePhone='null', workPhone='null', address='Rozana 18, Lublin', allPhones='111333444'}, ContactData{id=148, name='Jon', surname='Dick', tel='null', mail='null', mail2='null', mail3='null', allMails='cos@wp.pl', group='null', homePhone='null', mobilePhone='null', workPhone='null', address='Polna 14, Krakow', allPhones='444333222'}, ContactData{id=147, name='Mark', surname='Dark', tel='null', mail='null', mail2='null', mail3='null', allMails='tam@tlen.pl', group='null', homePhone='null', mobilePhone='null', workPhone='null', address='Rozana 18, Lublin', allPhones='111333444'}, ContactData{id=157, name='Mark', surname='Dark', tel='null', mail='null', mail2='null', mail3='null', allMails='tam@tlen.pl', group='null', homePhone='null', mobilePhone='null', workPhone='null', address='Rozana 18, Lublin', allPhones='111333444'}, ContactData{id=156, name='Martin01', surname='Grey02', tel='null', mail='emial23@gmail.com', mail2='null', mail3='null', allMails='null', group='null', homePhone='null', mobilePhone='null', workPhone='null', address='null', allPhones='null'}, ContactData{id=146, name='Jon', surname='Dick', tel='null', mail='null', mail2='null', mail3='null', allMails='cos@wp.pl', group='null', homePhone='null', mobilePhone='null', workPhone='null', address='Polna 14, Krakow', allPhones='444333222'}, ContactData{id=143, name='sdfsdf', surname='sdfsdfdsf', tel='null', mail='null', mail2='null', mail3='null', allMails='', group='null', homePhone='null', mobilePhone='null', workPhone='null', address='dsfsdfsdf', allPhones=''}, ContactData{id=144, name='Jon', surname='Dick', tel='null', mail='null', mail2='null', mail3='null', allMails='cos@wp.pl', group='null', homePhone='null', mobilePhone='null', workPhone='null', address='Polna 14, Krakow', allPhones='444333222'}, ContactData{id=154, name='Jon', surname='Dick', tel='null', mail='null', mail2='null', mail3='null', allMails='cos@wp.pl', group='null', homePhone='null', mobilePhone='null', workPhone='null', address='Polna 14, Krakow', allPhones='444333222'}]&gt;&#10;     but: was &lt;[ContactData{id=151, name='Mark', surname='Dark', tel='null', mail='null', mail2='null', mail3='null', allMails='tam@tlen.pl', group='null', homePhone='null', mobilePhone='null', workPhone='null', address='Rozana 18, Lublin', allPhones='111333444'}, ContactData{id=149, name='Mark', surname='Dark', tel='null', mail='null', mail2='null', mail3='null', allMails='tam@tlen.pl', group='null', homePhone='null', mobilePhone='null', workPhone='null', address='Rozana 18, Lublin', allPhones='111333444'}, ContactData{id=155, name='Mark', surname='Dark', tel='null', mail='null', mail2='null', mail3='null', allMails='tam@tlen.pl', group='null', homePhone='null', mobilePhone='null', workPhone='null', address='Rozana 18, Lublin', allPhones='111333444'}, ContactData{id=152, name='Jon', surname='Dick', tel='null', mail='null', mail2='null', mail3='null', allMails='cos@wp.pl', group='null', homePhone='null', mobilePhone='null', workPhone='null', address='Polna 14, Krakow', allPhones='444333222'}, ContactData{id=150, name='Jon', surname='Dick', tel='null', mail='null', mail2='null', mail3='null', allMails='cos@wp.pl', group='null', homePhone='null', mobilePhone='null', workPhone='null', address='Polna 14, Krakow', allPhones='444333222'}, ContactData{id=145, name='Mark', surname='Dark', tel='null', mail='null', mail2='null', mail3='null', allMails='tam@tlen.pl', group='null', homePhone='null', mobilePhone='null', workPhone='null', address='Rozana 18, Lublin', allPhones='111333444'}, ContactData{id=148, name='Jon', surname='Dick', tel='null', mail='null', mail2='null', mail3='null', allMails='cos@wp.pl', group='null', homePhone='null', mobilePhone='null', workPhone='null', address='Polna 14, Krakow', allPhones='444333222'}, ContactData{id=147, name='Mark', surname='Dark', tel='null', mail='null', mail2='null', mail3='null', allMails='tam@tlen.pl', group='null', homePhone='null', mobilePhone='null', workPhone='null', address='Rozana 18, Lublin', allPhones='111333444'}, ContactData{id=157, name='Mark', surname='Dark', tel='null', mail='null', mail2='null', mail3='null', allMails='tam@tlen.pl', group='null', homePhone='null', mobilePhone='null', workPhone='null', address='Rozana 18, Lublin', allPhones='111333444'}, ContactData{id=146, name='Jon', surname='Dick', tel='null', mail='null', mail2='null', mail3='null', allMails='cos@wp.pl', group='null', homePhone='null', mobilePhone='null', workPhone='null', address='Polna 14, Krakow', allPhones='444333222'}, ContactData{id=156, name='Martin01', surname='Grey02', tel='null', mail='null', mail2='null', mail3='null', allMails='emial23@gmail.com', group='null', homePhone='null', mobilePhone='null', workPhone='null', address='Polna 14, Krakow', allPhones='444333222'}, ContactData{id=143, name='sdfsdf', surname='sdfsdfdsf', tel='null', mail='null', mail2='null', mail3='null', allMails='', group='null', homePhone='null', mobilePhone='null', workPhone='null', address='dsfsdfsdf', allPhones=''}, ContactData{id=144, name='Jon', surname='Dick', tel='null', mail='null', mail2='null', mail3='null', allMails='cos@wp.pl', group='null', homePhone='null', mobilePhone='null', workPhone='null', address='Polna 14, Krakow', allPhones='444333222'}, ContactData{id=154, name='Jon', surname='Dick', tel='null', mail='null', mail2='null', mail3='null', allMails='cos@wp.pl', group='null', homePhone='null', mobilePhone='null', workPhone='null', address='Polna 14, Krakow', allPhones='444333222'}]&gt;" type="java.lang.AssertionError">java.lang.AssertionError: 
Expected: &lt;[ContactData{id=151, name='Mark', surname='Dark', tel='null', mail='null', mail2='null', mail3='null', allMails='tam@tlen.pl', group='null', homePhone='null', mobilePhone='null', workPhone='null', address='Rozana 18, Lublin', allPhones='111333444'}, ContactData{id=149, name='Mark', surname='Dark', tel='null', mail='null', mail2='null', mail3='null', allMails='tam@tlen.pl', group='null', homePhone='null', mobilePhone='null', workPhone='null', address='Rozana 18, Lublin', allPhones='111333444'}, ContactData{id=155, name='Mark', surname='Dark', tel='null', mail='null', mail2='null', mail3='null', allMails='tam@tlen.pl', group='null', homePhone='null', mobilePhone='null', workPhone='null', address='Rozana 18, Lublin', allPhones='111333444'}, ContactData{id=152, name='Jon', surname='Dick', tel='null', mail='null', mail2='null', mail3='null', allMails='cos@wp.pl', group='null', homePhone='null', mobilePhone='null', workPhone='null', address='Polna 14, Krakow', allPhones='444333222'}, ContactData{id=150, name='Jon', surname='Dick', tel='null', mail='null', mail2='null', mail3='null', allMails='cos@wp.pl', group='null', homePhone='null', mobilePhone='null', workPhone='null', address='Polna 14, Krakow', allPhones='444333222'}, ContactData{id=145, name='Mark', surname='Dark', tel='null', mail='null', mail2='null', mail3='null', allMails='tam@tlen.pl', group='null', homePhone='null', mobilePhone='null', workPhone='null', address='Rozana 18, Lublin', allPhones='111333444'}, ContactData{id=148, name='Jon', surname='Dick', tel='null', mail='null', mail2='null', mail3='null', allMails='cos@wp.pl', group='null', homePhone='null', mobilePhone='null', workPhone='null', address='Polna 14, Krakow', allPhones='444333222'}, ContactData{id=147, name='Mark', surname='Dark', tel='null', mail='null', mail2='null', mail3='null', allMails='tam@tlen.pl', group='null', homePhone='null', mobilePhone='null', workPhone='null', address='Rozana 18, Lublin', allPhones='111333444'}, ContactData{id=157, name='Mark', surname='Dark', tel='null', mail='null', mail2='null', mail3='null', allMails='tam@tlen.pl', group='null', homePhone='null', mobilePhone='null', workPhone='null', address='Rozana 18, Lublin', allPhones='111333444'}, ContactData{id=156, name='Martin01', surname='Grey02', tel='null', mail='emial23@gmail.com', mail2='null', mail3='null', allMails='null', group='null', homePhone='null', mobilePhone='null', workPhone='null', address='null', allPhones='null'}, ContactData{id=146, name='Jon', surname='Dick', tel='null', mail='null', mail2='null', mail3='null', allMails='cos@wp.pl', group='null', homePhone='null', mobilePhone='null', workPhone='null', address='Polna 14, Krakow', allPhones='444333222'}, ContactData{id=143, name='sdfsdf', surname='sdfsdfdsf', tel='null', mail='null', mail2='null', mail3='null', allMails='', group='null', homePhone='null', mobilePhone='null', workPhone='null', address='dsfsdfsdf', allPhones=''}, ContactData{id=144, name='Jon', surname='Dick', tel='null', mail='null', mail2='null', mail3='null', allMails='cos@wp.pl', group='null', homePhone='null', mobilePhone='null', workPhone='null', address='Polna 14, Krakow', allPhones='444333222'}, ContactData{id=154, name='Jon', surname='Dick', tel='null', mail='null', mail2='null', mail3='null', allMails='cos@wp.pl', group='null', homePhone='null', mobilePhone='null', workPhone='null', address='Polna 14, Krakow', allPhones='444333222'}]&gt;
     but: was &lt;[ContactData{id=151, name='Mark', surname='Dark', tel='null', mail='null', mail2='null', mail3='null', allMails='tam@tlen.pl', group='null', homePhone='null', mobilePhone='null', workPhone='null', address='Rozana 18, Lublin', allPhones='111333444'}, ContactData{id=149, name='Mark', surname='Dark', tel='null', mail='null', mail2='null', mail3='null', allMails='tam@tlen.pl', group='null', homePhone='null', mobilePhone='null', workPhone='null', address='Rozana 18, Lublin', allPhones='111333444'}, ContactData{id=155, name='Mark', surname='Dark', tel='null', mail='null', mail2='null', mail3='null', allMails='tam@tlen.pl', group='null', homePhone='null', mobilePhone='null', workPhone='null', address='Rozana 18, Lublin', allPhones='111333444'}, ContactData{id=152, name='Jon', surname='Dick', tel='null', mail='null', mail2='null', mail3='null', allMails='cos@wp.pl', group='null', homePhone='null', mobilePhone='null', workPhone='null', address='Polna 14, Krakow', allPhones='444333222'}, ContactData{id=150, name='Jon', surname='Dick', tel='null', mail='null', mail2='null', mail3='null', allMails='cos@wp.pl', group='null', homePhone='null', mobilePhone='null', workPhone='null', address='Polna 14, Krakow', allPhones='444333222'}, ContactData{id=145, name='Mark', surname='Dark', tel='null', mail='null', mail2='null', mail3='null', allMails='tam@tlen.pl', group='null', homePhone='null', mobilePhone='null', workPhone='null', address='Rozana 18, Lublin', allPhones='111333444'}, ContactData{id=148, name='Jon', surname='Dick', tel='null', mail='null', mail2='null', mail3='null', allMails='cos@wp.pl', group='null', homePhone='null', mobilePhone='null', workPhone='null', address='Polna 14, Krakow', allPhones='444333222'}, ContactData{id=147, name='Mark', surname='Dark', tel='null', mail='null', mail2='null', mail3='null', allMails='tam@tlen.pl', group='null', homePhone='null', mobilePhone='null', workPhone='null', address='Rozana 18, Lublin', allPhones='111333444'}, ContactData{id=157, name='Mark', surname='Dark', tel='null', mail='null', mail2='null', mail3='null', allMails='tam@tlen.pl', group='null', homePhone='null', mobilePhone='null', workPhone='null', address='Rozana 18, Lublin', allPhones='111333444'}, ContactData{id=146, name='Jon', surname='Dick', tel='null', mail='null', mail2='null', mail3='null', allMails='cos@wp.pl', group='null', homePhone='null', mobilePhone='null', workPhone='null', address='Polna 14, Krakow', allPhones='444333222'}, ContactData{id=156, name='Martin01', surname='Grey02', tel='null', mail='null', mail2='null', mail3='null', allMails='emial23@gmail.com', group='null', homePhone='null', mobilePhone='null', workPhone='null', address='Polna 14, Krakow', allPhones='444333222'}, ContactData{id=143, name='sdfsdf', surname='sdfsdfdsf', tel='null', mail='null', mail2='null', mail3='null', allMails='', group='null', homePhone='null', mobilePhone='null', workPhone='null', address='dsfsdfsdf', allPhones=''}, ContactData{id=144, name='Jon', surname='Dick', tel='null', mail='null', mail2='null', mail3='null', allMails='cos@wp.pl', group='null', homePhone='null', mobilePhone='null', workPhone='null', address='Polna 14, Krakow', allPhones='444333222'}, ContactData{id=154, name='Jon', surname='Dick', tel='null', mail='null', mail2='null', mail3='null', allMails='cos@wp.pl', group='null', homePhone='null', mobilePhone='null', workPhone='null', address='Polna 14, Krakow', allPhones='444333222'}]&gt;
	at org.hamcrest.MatcherAssert.assertThat(MatcherAssert.java:18)
	at org.hamcrest.MatcherAssert.assertThat(MatcherAssert.java:6)
	at pl.stqa.ptf.addressbook.tests.ContactModificationTest.testContactModification(ContactModificationTest.java:34)
	at sun.reflect.NativeMethodAccessorImpl.invoke0(Native Method)
	at sun.reflect.NativeMethodAccessorImpl.invoke(NativeMethodAccessorImpl.java:62)
	at sun.reflect.DelegatingMethodAccessorImpl.invoke(DelegatingMethodAccessorImpl.java:43)
	at java.lang.reflect.Method.invoke(Method.java:498)
	at org.testng.internal.MethodInvocationHelper.invokeMethod(MethodInvocationHelper.java:124)
	at org.testng.internal.Invoker.invokeMethod(Invoker.java:580)
	at org.testng.internal.Invoker.invokeTestMethod(Invoker.java:716)
	at org.testng.internal.Invoker.invokeTestMethods(Invoker.java:988)
	at org.testng.internal.TestMethodWorker.invokeTestMethods(TestMethodWorker.java:125)
	at org.testng.internal.TestMethodWorker.run(TestMethodWorker.java:109)
	at org.testng.TestRunner.privateRun(TestRunner.java:648)
	at org.testng.TestRunner.run(TestRunner.java:505)
	at org.testng.SuiteRunner.runTest(SuiteRunner.java:455)
	at org.testng.SuiteRunner.runSequentially(SuiteRunner.java:450)
	at org.testng.SuiteRunner.privateRun(SuiteRunner.java:415)
	at org.testng.SuiteRunner.run(SuiteRunner.java:364)
	at org.testng.SuiteRunnerWorker.runSuite(SuiteRunnerWorker.java:52)
	at org.testng.SuiteRunnerWorker.run(SuiteRunnerWorker.java:84)
	at org.testng.TestNG.runSuitesSequentially(TestNG.java:1208)
	at org.testng.TestNG.runSuitesLocally(TestNG.java:1137)
	at org.testng.TestNG.runSuites(TestNG.java:1049)
	at org.testng.TestNG.run(TestNG.java:1017)
	at org.gradle.api.internal.tasks.testing.testng.TestNGTestClassProcessor.runTests(TestNGTestClassProcessor.java:129)
	at org.gradle.api.internal.tasks.testing.testng.TestNGTestClassProcessor.stop(TestNGTestClassProcessor.java:88)
	at org.gradle.api.internal.tasks.testing.SuiteTestClassProcessor.stop(SuiteTestClassProcessor.java:61)
	at sun.reflect.NativeMethodAccessorImpl.invoke0(Native Method)
	at sun.reflect.NativeMethodAccessorImpl.invoke(NativeMethodAccessorImpl.java:62)
	at sun.reflect.DelegatingMethodAccessorImpl.invoke(DelegatingMethodAccessorImpl.java:43)
	at java.lang.reflect.Method.invoke(Method.java:498)
	at org.gradle.internal.dispatch.ReflectionDispatch.dispatch(ReflectionDispatch.java:35)
	at org.gradle.internal.dispatch.ReflectionDispatch.dispatch(ReflectionDispatch.java:24)
	at org.gradle.internal.dispatch.ContextClassLoaderDispatch.dispatch(ContextClassLoaderDispatch.java:32)
	at org.gradle.internal.dispatch.ProxyDispatchAdapter$DispatchingInvocationHandler.invoke(ProxyDispatchAdapter.java:93)
	at com.sun.proxy.$Proxy1.stop(Unknown Source)
	at org.gradle.api.internal.tasks.testing.worker.TestWorker.stop(TestWorker.java:119)
	at sun.reflect.NativeMethodAccessorImpl.invoke0(Native Method)
	at sun.reflect.NativeMethodAccessorImpl.invoke(NativeMethodAccessorImpl.java:62)
	at sun.reflect.DelegatingMethodAccessorImpl.invoke(DelegatingMethodAccessorImpl.java:43)
	at java.lang.reflect.Method.invoke(Method.java:498)
	at org.gradle.internal.dispatch.ReflectionDispatch.dispatch(ReflectionDispatch.java:35)
	at org.gradle.internal.dispatch.ReflectionDispatch.dispatch(ReflectionDispatch.java:24)
	at org.gradle.internal.remote.internal.hub.MessageHubBackedObjectConnection$DispatchWrapper.dispatch(MessageHubBackedObjectConnection.java:146)
	at org.gradle.internal.remote.internal.hub.MessageHubBackedObjectConnection$DispatchWrapper.dispatch(MessageHubBackedObjectConnection.java:128)
	at org.gradle.internal.remote.internal.hub.MessageHub$Handler.run(MessageHub.java:404)
	at org.gradle.internal.concurrent.ExecutorPolicy$CatchAndRecordFailures.onExecute(ExecutorPolicy.java:63)
	at org.gradle.internal.concurrent.ManagedExecutorImpl$1.run(ManagedExecutorImpl.java:46)
	at java.util.concurrent.ThreadPoolExecutor.runWorker(ThreadPoolExecutor.java:1149)
	at java.util.concurrent.ThreadPoolExecutor$Worker.run(ThreadPoolExecutor.java:624)
	at org.gradle.internal.concurrent.ThreadFactoryImpl$ManagedThreadRunnable.run(ThreadFactoryImpl.java:55)
	at java.lang.Thread.run(Thread.java:748)
</failure>
  </testcase>
  <system-out><![CDATA[]]></system-out>
  <system-err><![CDATA[]]></system-err>
</testsuite>
