<?xml version="1.0" encoding="UTF-8"?>
<testsuite name="pl.stqa.ptf.addressbook.tests.ContactDeletionTest" tests="1" skipped="0" failures="0" errors="0" timestamp="2018-05-03T20:20:30" hostname="DESKTOP-DBVKAUC" time="5.507">
  <properties/>
  <testcase name="ContactDeletionTest" classname="pl.stqa.ptf.addressbook.tests.ContactDeletionTest" time="5.507"/>
  <system-out><![CDATA[]]></system-out>
  <system-err><![CDATA[]]></system-err>
</testsuite>
